Log file open, 01/23/19 13:02:36
LogWindows: Failed to load 'aqProf.dll' (GetLastError=126)
LogWindows: File 'aqProf.dll' does not exist
LogWindows: Failed to load 'VSPerf140.dll' (GetLastError=126)
LogWindows: File 'VSPerf140.dll' does not exist
LogWindows: Failed to load 'VtuneApi.dll' (GetLastError=126)
LogWindows: File 'VtuneApi.dll' does not exist
LogWindows: Failed to load 'VtuneApi32e.dll' (GetLastError=126)
LogWindows: File 'VtuneApi32e.dll' does not exist
LogInit: Display: Running engine for game: KG_ICWB001_AP
LogPlatformFile: Not using cached read wrapper
LogTaskGraph: Started task graph with 5 named threads and 23 total threads with 3 sets of task threads.
LogStats: Stats thread started at 0.338519
LogD3D11RHI: Loaded GFSDK_Aftermath_Lib.x64.dll
LogICUInternationalization: Display: ICU TimeZone Detection - Raw Offset: -7:00, Platform Override: ''
LogPluginManager: Mounting plugin Paper2D
LogPluginManager: Mounting plugin AISupport
LogPluginManager: Mounting plugin LightPropagationVolume
LogPluginManager: Mounting plugin CLionSourceCodeAccess
LogPluginManager: Mounting plugin CodeLiteSourceCodeAccess
LogPluginManager: Mounting plugin GitSourceControl
LogPluginManager: Mounting plugin KDevelopSourceCodeAccess
LogPluginManager: Mounting plugin NullSourceCodeAccess
LogPluginManager: Mounting plugin PerforceSourceControl
LogPluginManager: Mounting plugin SubversionSourceControl
LogPluginManager: Mounting plugin UObjectPlugin
LogPluginManager: Mounting plugin VisualStudioCodeSourceCodeAccess
LogPluginManager: Mounting plugin VisualStudioSourceCodeAccess
LogPluginManager: Mounting plugin XCodeSourceCodeAccess
LogPluginManager: Mounting plugin AssetManagerEditor
LogPluginManager: Mounting plugin CryptoKeys
LogPluginManager: Mounting plugin DataValidation
LogPluginManager: Mounting plugin FacialAnimation
LogPluginManager: Mounting plugin GameplayTagsEditor
LogPluginManager: Mounting plugin MacGraphicsSwitching
LogPluginManager: Mounting plugin MeshEditor
LogPluginManager: Mounting plugin MobileLauncherProfileWizard
LogPluginManager: Mounting plugin PluginBrowser
LogPluginManager: Mounting plugin SpeedTreeImporter
LogPluginManager: Mounting plugin DatasmithContent
LogPluginManager: Mounting plugin AlembicImporter
LogPluginManager: Mounting plugin AppleImageUtils
LogPluginManager: Mounting plugin AppleVision
LogPluginManager: Mounting plugin BackChannel
LogPluginManager: Mounting plugin CharacterAI
LogPluginManager: Mounting plugin GeometryCache
LogPluginManager: Mounting plugin HTML5Networking
LogPluginManager: Mounting plugin ProxyLODPlugin
LogPluginManager: Mounting plugin MagicLeap
LogPluginManager: Mounting plugin MagicLeapEmulator
LogPluginManager: Mounting plugin MagicLeapMedia
LogPluginManager: Mounting plugin AndroidMedia
LogPluginManager: Mounting plugin AvfMedia
LogPluginManager: Mounting plugin ImgMedia
LogPluginManager: Mounting plugin LinearTimecode
LogPluginManager: Mounting plugin MediaCompositing
LogPluginManager: Mounting plugin MediaPlayerEditor
LogPluginManager: Mounting plugin WmfMedia
LogPluginManager: Mounting plugin TcpMessaging
LogPluginManager: Mounting plugin UdpMessaging
LogPluginManager: Mounting plugin ActorSequence
LogPluginManager: Mounting plugin LevelSequenceEditor
LogPluginManager: Mounting plugin MatineeToLevelSequence
LogPluginManager: Mounting plugin NetcodeUnitTest
LogPluginManager: Mounting plugin NUTUnrealEngine4
LogPluginManager: Mounting plugin OnlineSubsystemGooglePlay
LogPluginManager: Mounting plugin OnlineSubsystemIOS
LogPluginManager: Mounting plugin OnlineSubsystem
LogPluginManager: Mounting plugin OnlineSubsystemNull
LogPluginManager: Mounting plugin OnlineSubsystemUtils
LogPluginManager: Mounting plugin LauncherChunkInstaller
LogPluginManager: Mounting plugin AndroidDeviceProfileSelector
LogPluginManager: Mounting plugin AndroidMoviePlayer
LogPluginManager: Mounting plugin AndroidPermission
LogPluginManager: Mounting plugin AppleMoviePlayer
LogPluginManager: Mounting plugin ArchVisCharacter
LogPluginManager: Mounting plugin AudioCapture
LogPluginManager: Mounting plugin CableComponent
LogPluginManager: Mounting plugin CustomMeshComponent
LogPluginManager: Mounting plugin EditableMesh
LogPluginManager: Mounting plugin ExampleDeviceProfileSelector
LogPluginManager: Mounting plugin GoogleCloudMessaging
LogPluginManager: Mounting plugin ImmediatePhysics
LogPluginManager: Mounting plugin IOSDeviceProfileSelector
LogPluginManager: Mounting plugin LinuxDeviceProfileSelector
LogPluginManager: Mounting plugin LocationServicesBPLibrary
LogPluginManager: Mounting plugin MobilePatchingUtils
LogPluginManager: Mounting plugin OculusVR
LogPluginManager: Plugin shader directory ../../../Engine/Plugins/Runtime/Oculus/OculusVR/Shaders found
LogPluginManager: Mapping shader source directory ../../../Engine/Plugins/Runtime/Oculus/OculusVR/Shaders to virtual directory /Plugin/OculusVR
LogPluginManager: Mounting plugin PhysXVehicles
LogPluginManager: Mounting plugin ProceduralMeshComponent
LogPluginManager: Mounting plugin RuntimePhysXCooking
LogPluginManager: Mounting plugin SteamVR
LogPluginManager: Mounting plugin WindowsMoviePlayer
LogStreaming: Display: Took  0.328s to configure plugins.
LogInit: Using libcurl 7.55.1-DEV
LogInit:  - built for x86_64-pc-win32
LogInit:  - supports SSL with OpenSSL/1.0.2h
LogInit:  - supports HTTP deflate (compression) using libz 1.2.8
LogInit:  - other features:
LogInit:      CURL_VERSION_SSL
LogInit:      CURL_VERSION_LIBZ
LogInit:      CURL_VERSION_IPV6
LogInit:      CURL_VERSION_ASYNCHDNS
LogInit:      CURL_VERSION_LARGEFILE
LogInit:      CURL_VERSION_IDN
LogInit:  CurlRequestOptions (configurable via config and command line):
LogInit:  - bVerifyPeer = false  - Libcurl will NOT verify peer certificate
LogInit:  - bUseHttpProxy = false  - Libcurl will NOT use HTTP proxy
LogInit:  - bDontReuseConnections = false  - Libcurl will reuse connections
LogInit:  - CertBundlePath = nullptr  - Libcurl will use whatever was configured at build time.
LogInit:  - MaxHostConnections = 16  - Libcurl will limit the number of connections to a host
LogInit:  - LocalHostAddr = Default
LogInit:  - BufferSize = 65536
LogInit: WinSock: version 1.1 (2.2), MaxSocks=32767, MaxUdp=65467
LogInit: Build: ++UE4+Release-4.20-CL-4369336
LogInit: Engine Version: 4.20.3-4369336+++UE4+Release-4.20
LogInit: Compatible Engine Version: 4.20.0-4212847+++UE4+Release-4.20
LogInit: Net CL: 4212847
LogInit: OS: Windows 10 (), CPU: Intel(R) Core(TM) i7-7700HQ CPU @ 2.80GHz, GPU: Intel(R) HD Graphics 630
LogInit: Compiled (64-bit): Sep 17 2018 12:26:19
LogInit: Compiled with Visual C++: 19.13.26129.00
LogInit: Build Configuration: Development
LogInit: Branch Name: ++UE4+Release-4.20
LogInit: Command Line: -EpicPortal  -epicusername="Tinkleman44" -epicuserid=94d196fcf1cc47d29db98dee9d9dad42 -epiclocale=en-US
LogInit: Base Directory: C:/Program Files/Epic Games/UE_4.20/Engine/Binaries/Win64/
LogInit: Installed Engine Build: 1
LogDevObjectVersion: Number of dev versions registered: 20
LogDevObjectVersion:   Dev-Blueprints (B0D832E4-1F89-4F0D-ACCF-7EB736FD4AA2): 10
LogDevObjectVersion:   Dev-Build (E1C64328-A22C-4D53-A36C-8E866417BD8C): 0
LogDevObjectVersion:   Dev-Core (375EC13C-06E4-48FB-B500-84F0262A717E): 2
LogDevObjectVersion:   Dev-Editor (E4B068ED-F494-42E9-A231-DA0B2E46BB41): 24
LogDevObjectVersion:   Dev-Framework (CFFC743F-43B0-4480-9391-14DF171D2073): 34
LogDevObjectVersion:   Dev-Mobile (B02B49B5-BB20-44E9-A304-32B752E40360): 2
LogDevObjectVersion:   Dev-Networking (A4E4105C-59A1-49B5-A7C5-40C4547EDFEE): 0
LogDevObjectVersion:   Dev-Online (39C831C9-5AE6-47DC-9A44-9C173E1C8E7C): 0
LogDevObjectVersion:   Dev-Physics (78F01B33-EBEA-4F98-B9B4-84EACCB95AA2): 0
LogDevObjectVersion:   Dev-Platform (6631380F-2D4D-43E0-8009-CF276956A95A): 0
LogDevObjectVersion:   Dev-Rendering (12F88B9F-8875-4AFC-A67C-D90C383ABD29): 26
LogDevObjectVersion:   Dev-Sequencer (7B5AE74C-D270-4C10-A958-57980B212A5A): 9
LogDevObjectVersion:   Dev-VR (D7296918-1DD6-4BDD-9DE2-64A83CC13884): 2
LogDevObjectVersion:   Dev-LoadTimes (C2A15278-BFE7-4AFE-6C17-90FF531DF755): 1
LogDevObjectVersion:   Private-Geometry (6EACA3D4-40EC-4CC1-B786-8BED09428FC5): 3
LogDevObjectVersion:   Dev-AnimPhys (29E575DD-E0A3-4627-9D10-D276232CDCEA): 17
LogDevObjectVersion:   Dev-ReflectionCapture (6B266CEC-1EC7-4B8F-A30B-E4D90942FC07): 1
LogDevObjectVersion:   Dev-Automation (0DF73D61-A23F-47EA-B727-89E90C41499A): 1
LogDevObjectVersion:   FortniteMain (601D1886-AC64-4F84-AA16-D3DE0DEAC7D6): 12
LogDevObjectVersion:   Dev-Enterprise (9DFFBCD6-494F-0158-E221-12823C92A888): 1
LogStreaming: Display: Took  0.001s to delete old logs.
LogInit: Presizing for max 8388607 objects, including 0 objects not considered by GC, pre-allocating 0 bytes for permanent pool.
LogInit: Object subsystem initialized
[2019.01.23-20.02.37:331][  0]LogInit: Selected Device Profile: [Windows]
[2019.01.23-20.02.37:331][  0]LogInit: Applying CVar settings loaded from the selected device profile: [Windows]
[2019.01.23-20.02.37:351][  0]LogHAL: Display: Platform has ~ 16 GB [17059098624 / 17179869184 / 16], which maps to Larger [LargestMinGB=32, LargerMinGB=12, DefaultMinGB=8, SmallerMinGB=6, SmallestMinGB=0)
[2019.01.23-20.02.37:351][  0]LogInit: Setting Device Profile CVar: [[r.Vulkan.UseRealUBs:1]]
[2019.01.23-20.02.37:351][  0]LogInit: Going up to parent DeviceProfile []
[2019.01.23-20.02.37:352][  0]LogInit: Computer: DESKTOP-EPK3T5V
[2019.01.23-20.02.37:352][  0]LogInit: User: Tinkl
[2019.01.23-20.02.37:352][  0]LogInit: CPU Page size=4096, Cores=4
[2019.01.23-20.02.37:352][  0]LogInit: High frequency timer resolution =2.742189 MHz
[2019.01.23-20.02.37:352][  0]LogMemory: Memory total: Physical=15.9GB (16GB approx)
[2019.01.23-20.02.37:352][  0]LogMemory: Platform Memory Stats for Windows
[2019.01.23-20.02.37:352][  0]LogMemory: Process Physical Memory: 99.54 MB used, 99.54 MB peak
[2019.01.23-20.02.37:352][  0]LogMemory: Process Virtual Memory: 91.21 MB used, 91.21 MB peak
[2019.01.23-20.02.37:352][  0]LogMemory: Physical Memory: 7374.61 MB used,  8894.22 MB free, 16268.82 MB total
[2019.01.23-20.02.37:352][  0]LogMemory: Virtual Memory: 4645.70 MB used,  8894.22 MB free, 134217728.00 MB total
[2019.01.23-20.02.37:381][  0]LogInit: Using OS detected language (en-US).
[2019.01.23-20.02.37:381][  0]LogInit: Using OS detected locale (en-US).
[2019.01.23-20.02.37:383][  0]LogTextLocalizationManager: No specific localization for 'en-US' exists, so the 'en' localization will be used.
[2019.01.23-20.02.37:929][  0]LogStreaming: Display: Took  0.548s to InitEngineTextLocalization.
[2019.01.23-20.02.37:929][  0]LogInit: Setting process to per monitor DPI aware
[2019.01.23-20.02.37:969][  0]LogSlate: New Slate User Created.  User Index 0, Is Virtual User: 0
[2019.01.23-20.02.37:970][  0]LogSlate: Slate User Registered.  User Index 0, Is Virtual User: 0
[2019.01.23-20.02.38:297][  0]LogHMD: Failed to initialize OpenVR with code 110
[2019.01.23-20.02.38:297][  0]LogD3D11RHI: D3D11 adapters:
[2019.01.23-20.02.38:379][  0]LogD3D11RHI:    0. 'NVIDIA GeForce GTX 1050' (Feature Level 11_0)
[2019.01.23-20.02.38:379][  0]LogD3D11RHI:       4021/0/8134 MB DedicatedVideo/DedicatedSystem/SharedSystem, Outputs:1, VendorId:0x10de
[2019.01.23-20.02.38:388][  0]LogD3D11RHI:    1. 'Intel(R) HD Graphics 630' (Feature Level 11_0)
[2019.01.23-20.02.38:388][  0]LogD3D11RHI:       128/0/8134 MB DedicatedVideo/DedicatedSystem/SharedSystem, Outputs:0, VendorId:0x8086
[2019.01.23-20.02.38:392][  0]LogD3D11RHI:    2. 'Microsoft Basic Render Driver' (Feature Level 11_0)
[2019.01.23-20.02.38:392][  0]LogD3D11RHI:       0/0/8134 MB DedicatedVideo/DedicatedSystem/SharedSystem, Outputs:0, VendorId:0x1414
[2019.01.23-20.02.38:392][  0]LogD3D11RHI: Chosen D3D11 Adapter: 0
[2019.01.23-20.02.38:415][  0]LogD3D11RHI: Creating new Direct3DDevice
[2019.01.23-20.02.38:415][  0]LogD3D11RHI:     GPU DeviceId: 0x1c8d (for the marketing name, search the web for "GPU Device Id")
[2019.01.23-20.02.38:415][  0]LogWindows: EnumDisplayDevices:
[2019.01.23-20.02.38:415][  0]LogWindows:    0. 'Intel(R) HD Graphics 630' (P:1 D:1)
[2019.01.23-20.02.38:416][  0]LogWindows:    1. 'Intel(R) HD Graphics 630' (P:0 D:0)
[2019.01.23-20.02.38:416][  0]LogWindows:    2. 'Intel(R) HD Graphics 630' (P:0 D:0)
[2019.01.23-20.02.38:416][  0]LogWindows: DebugString: PrimaryIsNotTheChoosenAdapter PrimaryIsNotTheChoosenAdapter PrimaryIsNotTheChoosenAdapter FoundDriverCount:0 
[2019.01.23-20.02.38:416][  0]LogD3D11RHI:     Adapter Name: NVIDIA GeForce GTX 1050
[2019.01.23-20.02.38:416][  0]LogD3D11RHI:   Driver Version: Unknown (internal:Unknown, unified:Unknown)
[2019.01.23-20.02.38:416][  0]LogD3D11RHI:      Driver Date: Unknown
[2019.01.23-20.02.38:416][  0]LogRHI: Texture pool is 2814 MB (70% of 4021 MB)
[2019.01.23-20.02.38:461][  0]LogD3D11RHI: Async texture creation enabled
[2019.01.23-20.02.38:478][  0]LogD3D11RHI: GPU Timing Frequency: 1000.000000 (Debug: 2 2)
[2019.01.23-20.02.38:479][  0]LogShaderCompilers: Guid format shader working directory is -41 characters bigger than the processId version (../../../../../../Users/Tinkl/OneDrive/Documents/GitHub/KG_assetpipeline/KG_ICWB001_AP/Intermediate/Shaders/WorkingDirectory/21228/).
[2019.01.23-20.02.38:479][  0]LogShaderCompilers: Cleaned the shader compiler working directory 'C:/Users/Tinkl/AppData/Local/Temp/UnrealShaderWorkingDir/F43CD0C343AF7FD7DB128EA140875F49/'.
[2019.01.23-20.02.39:020][  0]LogTemp: Display: Loaded TP AllDesktopTargetPlatform
[2019.01.23-20.02.39:037][  0]LogTemp: Display: Loaded TP MacClientTargetPlatform
[2019.01.23-20.02.39:054][  0]LogTemp: Display: Loaded TP MacNoEditorTargetPlatform
[2019.01.23-20.02.39:072][  0]LogTemp: Display: Loaded TP MacServerTargetPlatform
[2019.01.23-20.02.39:091][  0]LogTemp: Display: Loaded TP MacTargetPlatform
[2019.01.23-20.02.39:108][  0]LogTemp: Display: Loaded TP WindowsClientTargetPlatform
[2019.01.23-20.02.39:124][  0]LogTemp: Display: Loaded TP WindowsNoEditorTargetPlatform
[2019.01.23-20.02.39:142][  0]LogTemp: Display: Loaded TP WindowsServerTargetPlatform
[2019.01.23-20.02.39:150][  0]LogTemp: Display: Loaded TP WindowsTargetPlatform
[2019.01.23-20.02.39:250][  0]LogTemp: Display: Loaded TP AndroidTargetPlatform
[2019.01.23-20.02.39:250][  0]LogTemp: Display: Loaded TP AndroidTargetPlatform
[2019.01.23-20.02.39:251][  0]LogTemp: Display: Loaded TP AndroidTargetPlatform
[2019.01.23-20.02.39:251][  0]LogTemp: Display: Loaded TP AndroidTargetPlatform
[2019.01.23-20.02.39:251][  0]LogTemp: Display: Loaded TP AndroidTargetPlatform
[2019.01.23-20.02.39:251][  0]LogTemp: Display: Loaded TP AndroidTargetPlatform
[2019.01.23-20.02.39:251][  0]LogTemp: Display: Loaded TP AndroidTargetPlatform
[2019.01.23-20.02.39:251][  0]LogTemp: Display: Loaded TP AndroidTargetPlatform
[2019.01.23-20.02.39:251][  0]LogTemp: Display: Loaded TP AndroidTargetPlatform
[2019.01.23-20.02.39:251][  0]LogTemp: Display: Loaded TP AndroidTargetPlatform
[2019.01.23-20.02.39:251][  0]LogTemp: Display: Loaded TP AndroidTargetPlatform
[2019.01.23-20.02.39:251][  0]LogTemp: Display: Loaded TP AndroidTargetPlatform
[2019.01.23-20.02.39:251][  0]LogTemp: Display: Loaded TP AndroidTargetPlatform
[2019.01.23-20.02.39:251][  0]LogTemp: Display: Loaded TP AndroidTargetPlatform
[2019.01.23-20.02.39:251][  0]LogTemp: Display: Loaded TP AndroidTargetPlatform
[2019.01.23-20.02.39:251][  0]LogTemp: Display: Loaded TP AndroidTargetPlatform
[2019.01.23-20.02.39:251][  0]LogTemp: Display: Loaded TP AndroidTargetPlatform
[2019.01.23-20.02.39:251][  0]LogTemp: Display: Loaded TP AndroidTargetPlatform
[2019.01.23-20.02.39:253][  0]LogTemp: Display: Loaded TP HTML5TargetPlatform
[2019.01.23-20.02.39:321][  0]LogTemp: Display: Loaded TP IOSTargetPlatform
[2019.01.23-20.02.39:321][  0]LogTemp: Display: Loaded TP IOSTargetPlatform
[2019.01.23-20.02.39:351][  0]LogTemp: Display: Loaded TP TVOSTargetPlatform
[2019.01.23-20.02.39:351][  0]LogTemp: Display: Loaded TP TVOSTargetPlatform
[2019.01.23-20.02.39:367][  0]LogTemp: Display: Loaded TP LinuxClientTargetPlatform
[2019.01.23-20.02.39:383][  0]LogTemp: Display: Loaded TP LinuxNoEditorTargetPlatform
[2019.01.23-20.02.39:400][  0]LogTemp: Display: Loaded TP LinuxServerTargetPlatform
[2019.01.23-20.02.39:417][  0]LogTemp: Display: Loaded TP LinuxTargetPlatform
[2019.01.23-20.02.39:429][  0]LogTemp: Display: Loaded TP LuminTargetPlatform
[2019.01.23-20.02.39:429][  0]LogTargetPlatformManager: Display: Building Assets For Windows
[2019.01.23-20.02.39:532][  0]LogXGEController: Cannot use XGE Controller as Incredibuild is not installed on this machine.
[2019.01.23-20.02.39:532][  0]LogShaderCompilers: Cannot use XGE Shader Compiler as Incredibuild is not installed on this machine.
[2019.01.23-20.02.39:532][  0]LogShaderCompilers: Display: Using Local Shader Compiler.
[2019.01.23-20.02.40:572][  0]LogDerivedDataCache: Display: Max Cache Size: 512 MB
[2019.01.23-20.02.40:650][  0]LogDerivedDataCache: Loaded boot cache 0.08s 86MB C:/Users/Tinkl/AppData/Local/UnrealEngine/4.20/DerivedDataCache/Boot.ddc.
[2019.01.23-20.02.40:651][  0]LogDerivedDataCache: Display: Loaded Boot cache: C:/Users/Tinkl/AppData/Local/UnrealEngine/4.20/DerivedDataCache/Boot.ddc
[2019.01.23-20.02.40:651][  0]LogDerivedDataCache: FDerivedDataBackendGraph:  Pak pak cache file ../../../../../../Users/Tinkl/OneDrive/Documents/GitHub/KG_assetpipeline/KG_ICWB001_AP/DerivedDataCache/DDC.ddp not found, will not use a pak cache.
[2019.01.23-20.02.40:651][  0]LogDerivedDataCache: Unable to find inner node Pak for hierarchical cache Hierarchy.
[2019.01.23-20.02.40:651][  0]LogDerivedDataCache: FDerivedDataBackendGraph:  CompressedPak pak cache file ../../../../../../Users/Tinkl/OneDrive/Documents/GitHub/KG_assetpipeline/KG_ICWB001_AP/DerivedDataCache/Compressed.ddp not found, will not use a pak cache.
[2019.01.23-20.02.40:651][  0]LogDerivedDataCache: Unable to find inner node CompressedPak for hierarchical cache Hierarchy.
[2019.01.23-20.02.40:667][  0]LogDerivedDataCache: Display: Pak cache opened for reading ../../../Engine/DerivedDataCache/Compressed.ddp.
[2019.01.23-20.02.40:680][  0]LogDerivedDataCache: Using Local data cache path C:/Users/Tinkl/AppData/Local/UnrealEngine/Common/DerivedDataCache: Writable
[2019.01.23-20.02.40:680][  0]LogDerivedDataCache: Shared data cache path not found in *engine.ini, will not use an Shared cache.
[2019.01.23-20.02.40:680][  0]LogDerivedDataCache: Unable to find inner node Shared for hierarchical cache Hierarchy.
[2019.01.23-20.02.40:703][  0]LogMaterial: Verifying Global Shaders for PCD3D_SM5
[2019.01.23-20.02.40:704][  0]LogSlate: Using FreeType 2.6.0
[2019.01.23-20.02.40:705][  0]LogSlate: SlateFontServices - WITH_FREETYPE: 1, WITH_HARFBUZZ: 1
[2019.01.23-20.02.40:797][  0]LogAssetRegistry: FAssetRegistry took 0.0270 seconds to start up
[2019.01.23-20.02.41:240][  0]LogInit: Selected Device Profile: [Windows]
[2019.01.23-20.02.41:434][  0]LogSimplygon: Simplygon DLL not present - disabling.
[2019.01.23-20.02.41:439][  0]LogMeshReduction: Using SimplygonSwarm for distributed automatic mesh merging
[2019.01.23-20.02.41:439][  0]LogMeshReduction: Using ProxyLODMeshReduction for automatic mesh merging
[2019.01.23-20.02.41:439][  0]LogMeshReduction: Using QuadricMeshReduction for automatic static mesh reduction
[2019.01.23-20.02.41:439][  0]LogMeshReduction: No automatic skeletal mesh reduction module available
[2019.01.23-20.02.41:460][  0]LogNetVersion: KG_ICWB001_AP 1.0.0, NetCL: 4212847, EngineNetVer: 5, GameNetVer: 0 (Checksum: 1805246684)
[2019.01.23-20.02.42:362][  0]LogPackageLocalizationCache: Processed 11 localized package path(s) for 2 prioritized culture(s) in 0.263562 seconds
[2019.01.23-20.02.42:371][  0]LogUObjectArray: 38425 objects as part of root set at end of initial load.
[2019.01.23-20.02.42:371][  0]LogUObjectAllocator: 6690872 out of 0 bytes used by permanent object pool.
[2019.01.23-20.02.42:371][  0]LogUObjectArray: CloseDisregardForGC: 0/0 objects in disregard for GC pool
[2019.01.23-20.02.43:744][  0]LogTcpMessaging: Initializing TcpMessaging bridge
[2019.01.23-20.02.43:759][  0]LogUdpMessaging: Initializing bridge on interface 0.0.0.0:0 to multicast group 230.0.0.1:6666.
[2019.01.23-20.02.43:942][  0]SourceControl: Source control is disabled
[2019.01.23-20.02.43:942][  0]SourceControl: Source control is disabled
[2019.01.23-20.02.43:944][  0]SourceControl: Source control is disabled
[2019.01.23-20.02.43:946][  0]SourceControl: Source control is disabled
[2019.01.23-20.02.44:179][  0]LogAndroidPermission: UAndroidPermissionCallbackProxy::GetInstance
[2019.01.23-20.02.44:266][  0]LogOcInput: OculusInput pre-init called
[2019.01.23-20.02.44:368][  0]LogEngine: Initializing Engine...
[2019.01.23-20.02.44:370][  0]LogHMD: Failed to initialize OpenVR with code 110
[2019.01.23-20.02.44:372][  0]LogStats: UGameplayTagsManager::ConstructGameplayTagTree: ImportINI prefixes -  0.000 s
[2019.01.23-20.02.44:372][  0]LogStats: UGameplayTagsManager::ConstructGameplayTagTree: Construct from data asset -  0.000 s
[2019.01.23-20.02.44:372][  0]LogStats: UGameplayTagsManager::ConstructGameplayTagTree: ImportINI -  0.000 s
[2019.01.23-20.02.44:372][  0]LogStats: UGameplayTagsManager::ConstructGameplayTagTree: GameplayTagTreeChangedEvent.Broadcast -  0.000 s
[2019.01.23-20.02.44:687][  0]LogInit: Initializing FReadOnlyCVARCache
[2019.01.23-20.02.44:713][  0]LogAIModule: Creating AISystem for world Untitled
[2019.01.23-20.02.44:795][  0]LogInit: XAudio2 using 'Speakers (Realtek High Definition Audio)' : 2 channels at 48 kHz using 32 bits per sample (channel mask 0x3)
[2019.01.23-20.02.44:862][  0]LogInit: FAudioDevice initialized.
[2019.01.23-20.02.44:862][  0]LogNetVersion: Set ProjectVersion to 1.0.0.0. Version Checksum will be recalculated on next use.
[2019.01.23-20.02.45:110][  0]LogDerivedDataCache: Saved boot cache 0.25s 86MB C:/Users/Tinkl/AppData/Local/UnrealEngine/4.20/DerivedDataCache/Boot.ddc.
[2019.01.23-20.02.45:127][  0]LogInit: Texture streaming: Enabled
[2019.01.23-20.02.45:165][  0]LogEngineSessionManager: EngineSessionManager initialized
[2019.01.23-20.02.45:199][  0]LogInit: Transaction tracking system initialized
[2019.01.23-20.02.45:250][  0]BlueprintLog: New page: Editor Load
[2019.01.23-20.02.45:374][  0]LocalizationService: Localization service is disabled
[2019.01.23-20.02.46:008][  0]LogFileCache: Scanning file cache for directory 'C:/Users/Tinkl/OneDrive/Documents/GitHub/KG_assetpipeline/KG_ICWB001_AP/Content/' took 0.02s
[2019.01.23-20.02.46:009][  0]LogCook: Display: Max memory allowance for cook 16384mb min free memory 0mb
[2019.01.23-20.02.46:009][  0]LogCook: Display: Mobile HDR setting 1
[2019.01.23-20.02.46:009][  0]LogGameplayTags: Display: UGameplayTagsManager::DoneAddingNativeTags. DelegateIsBound: 0
[2019.01.23-20.02.46:009][  0]LogStats: UGameplayTagsManager::ConstructGameplayTagTree: ImportINI prefixes -  0.000 s
[2019.01.23-20.02.46:009][  0]LogStats: UGameplayTagsManager::ConstructGameplayTagTree: Construct from data asset -  0.000 s
[2019.01.23-20.02.46:009][  0]LogStats: UGameplayTagsManager::ConstructGameplayTagTree: ImportINI -  0.000 s
[2019.01.23-20.02.46:009][  0]LogStats: UGameplayTagsManager::ConstructGameplayTagTree: GameplayTagTreeChangedEvent.Broadcast -  0.000 s
[2019.01.23-20.02.46:167][  0]SourceControl: Source control is disabled
[2019.01.23-20.02.46:167][  0]Cmd: MAP LOAD FILE="../../../Engine/Content/Maps/Templates/Template_Default.umap" TEMPLATE=1 SHOWPROGRESS=1 FEATURELEVEL=3
[2019.01.23-20.02.46:168][  0]LightingResults: New page: Lighting Build
[2019.01.23-20.02.46:171][  0]MapCheck: New page: Map Check
[2019.01.23-20.02.46:171][  0]LightingResults: New page: Lighting Build
[2019.01.23-20.02.46:424][  0]LogAIModule: Creating AISystem for world Untitled_1
[2019.01.23-20.02.46:433][  0]LogEditorServer: Finished looking for orphan Actors (0.000 secs)
[2019.01.23-20.02.46:462][  0]Cmd: MAP CHECKDEP NOCLEARLOG
[2019.01.23-20.02.46:589][  0]MapCheck: Map check complete: 0 Error(s), 0 Warning(s), took 126.801ms to complete.
[2019.01.23-20.02.46:589][  0]LogFileHelpers: Loading map 'Template_Default' took 0.422
[2019.01.23-20.02.47:327][  0]LogSlate: Updating window title bar state: overlay mode, drag disabled, window buttons hidden, title bar hidden
[2019.01.23-20.02.47:350][  0]LogSlate: Updating window title bar state: overlay mode, drag disabled, window buttons hidden, title bar hidden
[2019.01.23-20.02.47:371][  0]LogSlate: Updating window title bar state: overlay mode, drag disabled, window buttons hidden, title bar hidden
[2019.01.23-20.02.47:396][  0]LogSlate: Updating window title bar state: overlay mode, drag disabled, window buttons hidden, title bar hidden
[2019.01.23-20.02.47:495][  0]LogCollectionManager: Loaded 0 collections in 0.006935 seconds
[2019.01.23-20.02.47:672][  0]LogFileCache: Scanning file cache for directory 'C:/Users/Tinkl/OneDrive/Documents/GitHub/KG_assetpipeline/KG_ICWB001_AP/Saved/Collections/' took 0.01s
[2019.01.23-20.02.47:672][  0]LogFileCache: Scanning file cache for directory 'C:/Users/Tinkl/OneDrive/Documents/GitHub/KG_assetpipeline/KG_ICWB001_AP/Content/Developers/Tinkl/Collections/' took 0.01s
[2019.01.23-20.02.47:672][  0]LogFileCache: Scanning file cache for directory 'C:/Users/Tinkl/OneDrive/Documents/GitHub/KG_assetpipeline/KG_ICWB001_AP/Content/Collections/' took 0.01s
[2019.01.23-20.02.47:672][  0]LogCollectionManager: Rebuilt the GUID cache for 0 collections in 0.000000 seconds
[2019.01.23-20.02.47:700][  0]LogContentBrowser: Native class hierarchy populated in 0.0109 seconds. Added 2572 classes and 603 folders.
[2019.01.23-20.02.47:942][  0]LogContentBrowser: Native class hierarchy updated for 'WidgetCarousel' in 0.0004 seconds. Added 0 classes and 0 folders.
[2019.01.23-20.02.50:232][  0]LogContentBrowser: Native class hierarchy updated for 'AddContentDialog' in 0.0009 seconds. Added 0 classes and 0 folders.
[2019.01.23-20.02.50:304][  0]LogContentBrowser: Native class hierarchy updated for 'SceneOutliner' in 0.0009 seconds. Added 1 classes and 2 folders.
[2019.01.23-20.02.51:027][  0]LogSlate: Took 0.000379 seconds to synchronously load lazily loaded font '../../../Engine/Content/Slate/Fonts/Roboto-Regular.ttf' (155K)
[2019.01.23-20.02.51:044][  0]LogSlate: Took 0.000536 seconds to synchronously load lazily loaded font '../../../Engine/Content/Slate/Fonts/Roboto-Bold.ttf' (160K)
[2019.01.23-20.02.51:181][  0]LogSlate: Took 0.032476 seconds to synchronously load lazily loaded font '../../../Engine/Content/Editor/Slate/Fonts/FontAwesome.ttf' (139K)
[2019.01.23-20.02.51:417][  0]LogRenderer: Reallocating scene render targets to support 964x436 Format 10 NumSamples 1 (Frame:1).
[2019.01.23-20.02.52:807][  0]LogSlate: FSceneViewport::OnFocusLost() reason 2
[2019.01.23-20.02.52:937][  0]LogSlate: Window 'Tutorials' being destroyed
[2019.01.23-20.02.52:983][  0]LogContentBrowser: Native class hierarchy updated for 'HierarchicalLODOutliner' in 0.0008 seconds. Added 0 classes and 0 folders.
[2019.01.23-20.02.52:983][  0]LogLoad: (Engine Initialization) Total time: 18.63 seconds
[2019.01.23-20.02.52:983][  0]LogLoad: (Engine Initialization) Total Blueprint compile time: 0.00 seconds
[2019.01.23-20.02.53:082][  0]LogContentStreaming: Texture pool size now 1000 MB
[2019.01.23-20.02.53:239][  2]LogAssetRegistry: Asset discovery search completed in 12.4641 seconds
[2019.01.23-20.02.53:242][  2]LogCollectionManager: Rebuilt the object cache for 0 collections in 0.000000 seconds (found 0 objects)
[2019.01.23-20.02.53:242][  2]LogCollectionManager: Fixed up redirectors for 0 collections in 0.000123 seconds (updated 0 objects)
[2019.01.23-20.02.57:199][ 93]LogSlate: Took 0.033553 seconds to synchronously load lazily loaded font '../../../Engine/Content/Slate/Fonts/Roboto-Light.ttf' (167K)
[2019.01.23-20.03.00:072][249]LogSlate: FSceneViewport::OnFocusLost() reason 0
[2019.01.23-20.03.04:311][501]LogSlate: Took 0.000367 seconds to synchronously load lazily loaded font '../../../Engine/Content/Slate/Fonts/Roboto-Light.ttf' (167K)
[2019.01.23-20.03.04:859][501]LogMaterial: Display: Missing cached shader map for material M_WBox_KG, compiling. 
[2019.01.23-20.03.04:982][501]LogMaterial: Display: Missing cached shader map for material SM_hatMat, compiling. 
[2019.01.23-20.03.05:045][501]LogShaderCompilers: Display: Shaders left to compile 22
[2019.01.23-20.03.05:045][501]LogShaderCompilers: Display: Shaders left to compile 12
[2019.01.23-20.03.05:045][501]LogShaderCompilers: Display: Shaders left to compile 2
[2019.01.23-20.03.05:045][501]LogStaticMesh: Building static mesh SM_hat...
[2019.01.23-20.03.05:513][501]LogShaderCompilers: Display: Shaders left to compile 22
[2019.01.23-20.03.05:513][501]LogStaticMesh: Built static mesh [0.47s] /Game/SM_hat.SM_hat
[2019.01.23-20.03.05:625][501]LogAIModule: Creating AISystem for world KG_CityBlock
[2019.01.23-20.03.05:688][501]LogAssetEditorManager: Opening Asset editor for World /Game/KG_CityBlock.KG_CityBlock
[2019.01.23-20.03.05:884][501]Cmd: MAP LOAD FILE="../../../../../../Users/Tinkl/OneDrive/Documents/GitHub/KG_assetpipeline/KG_ICWB001_AP/Content/KG_CityBlock.umap" TEMPLATE=0 SHOWPROGRESS=1 FEATURELEVEL=3
[2019.01.23-20.03.05:886][501]LightingResults: New page: Lighting Build
[2019.01.23-20.03.05:887][501]LoadErrors: New page: Loading map: KG_CityBlock.umap
[2019.01.23-20.03.05:888][501]MapCheck: New page: Map Check
[2019.01.23-20.03.05:888][501]LightingResults: New page: Lighting Build
[2019.01.23-20.03.06:104][501]LogEditorServer: Finished looking for orphan Actors (0.001 secs)
[2019.01.23-20.03.06:174][501]Cmd: MAP CHECKDEP NOCLEARLOG
[2019.01.23-20.03.06:323][501]MapCheck: Map check complete: 0 Error(s), 0 Warning(s), took 148.386ms to complete.
[2019.01.23-20.03.06:324][501]LogFileHelpers: Loading map 'KG_CityBlock' took 0.441
[2019.01.23-20.03.09:753][632]LogShaderCompilers: Display: Shaders left to compile 12
[2019.01.23-20.03.12:841][812]LogShaderCompilers: Display: Shaders left to compile 2
[2019.01.23-20.03.58:483][732]LogSlate: FSceneViewport::OnFocusLost() reason 0
[2019.01.23-20.03.58:656][739]LogRenderer: Reallocating scene render targets to support 964x444 Format 10 NumSamples 1 (Frame:2133).
[2019.01.23-20.03.58:705][740]LogRenderer: Reallocating scene render targets to support 964x452 Format 10 NumSamples 1 (Frame:2135).
[2019.01.23-20.03.58:751][741]LogRenderer: Reallocating scene render targets to support 964x456 Format 10 NumSamples 1 (Frame:2137).
[2019.01.23-20.03.58:818][742]LogRenderer: Reallocating scene render targets to support 964x460 Format 10 NumSamples 1 (Frame:2139).
[2019.01.23-20.03.58:867][743]LogRenderer: Reallocating scene render targets to support 964x464 Format 10 NumSamples 1 (Frame:2141).
[2019.01.23-20.03.58:914][744]LogRenderer: Reallocating scene render targets to support 964x468 Format 10 NumSamples 1 (Frame:2143).
[2019.01.23-20.03.58:964][745]LogRenderer: Reallocating scene render targets to support 964x476 Format 10 NumSamples 1 (Frame:2145).
[2019.01.23-20.03.59:009][746]LogRenderer: Reallocating scene render targets to support 964x484 Format 10 NumSamples 1 (Frame:2147).
[2019.01.23-20.03.59:053][747]LogRenderer: Reallocating scene render targets to support 964x496 Format 10 NumSamples 1 (Frame:2149).
[2019.01.23-20.03.59:103][748]LogRenderer: Reallocating scene render targets to support 964x508 Format 10 NumSamples 1 (Frame:2151).
[2019.01.23-20.03.59:149][749]LogRenderer: Reallocating scene render targets to support 964x512 Format 10 NumSamples 1 (Frame:2153).
[2019.01.23-20.03.59:194][750]LogRenderer: Reallocating scene render targets to support 964x520 Format 10 NumSamples 1 (Frame:2155).
[2019.01.23-20.03.59:245][751]LogRenderer: Reallocating scene render targets to support 964x528 Format 10 NumSamples 1 (Frame:2157).
[2019.01.23-20.03.59:297][752]LogRenderer: Reallocating scene render targets to support 964x532 Format 10 NumSamples 1 (Frame:2159).
[2019.01.23-20.03.59:422][757]LogRenderer: Reallocating scene render targets to support 964x536 Format 10 NumSamples 1 (Frame:2163).
[2019.01.23-20.04.08:598][272]LogEditorViewport: Clicking on Actor (LMB): FbxScene_mann_C (FbxScene_mann)
[2019.01.23-20.04.18:497][803]LogSlate: FSceneViewport::OnFocusLost() reason 0
[2019.01.23-20.04.48:307][477]LogSlate: FSceneViewport::OnFocusLost() reason 0
[2019.01.23-20.04.56:617][925]LogSlate: FSceneViewport::OnFocusLost() reason 0
[2019.01.23-20.05.20:775][279]LogSlate: FSceneViewport::OnFocusLost() reason 0
[2019.01.23-20.13.06:620][946]LogSavePackage: Moving '../../../../../../Users/Tinkl/OneDrive/Documents/GitHub/KG_assetpipeline/KG_ICWB001_AP/Saved/KG_CityBlock_Auto119DA19CC4C8A3BEF401E259254D765EF.tmp' to '../../../../../../Users/Tinkl/OneDrive/Documents/GitHub/KG_assetpipeline/KG_ICWB001_AP/Saved/Autosaves/Game/KG_CityBlock_Auto1.umap'
[2019.01.23-20.13.06:666][946]LogFileHelpers: Editor autosave (incl. sublevels) for '/Game/KG_CityBlock' took 1.993
[2019.01.23-20.13.06:666][946]LogFileHelpers: Editor autosave (incl. sublevels) for all levels took 1.993
[2019.01.23-20.21.51:990][243]Cmd: TRANSACTION UNDO
[2019.01.23-20.21.51:990][243]LogEditorTransaction: Undo Move Actors
[2019.01.23-20.21.52:303][243]LogActorComponent: ~FComponentReregisterContext: (/Game/KG_CityBlock.KG_CityBlock:PersistentLevel.Brush_SWalk_50.BrushComponent0) Component already registered.
[2019.01.23-20.21.52:305][243]LogActorComponent: ~FComponentReregisterContext: (/Game/KG_CityBlock.KG_CityBlock:PersistentLevel.Brush_Grass_14.BrushComponent0) Component already registered.
[2019.01.23-20.21.52:306][243]LogActorComponent: ~FComponentReregisterContext: (/Game/KG_CityBlock.KG_CityBlock:PersistentLevel.Brush_Street_176.BrushComponent0) Component already registered.
[2019.01.23-20.21.52:310][243]LogActorComponent: ~FComponentReregisterContext: (/Game/KG_CityBlock.KG_CityBlock:PersistentLevel.Brush_Grass_85.BrushComponent0) Component already registered.
[2019.01.23-20.21.52:315][243]LogActorComponent: ~FComponentReregisterContext: (/Game/KG_CityBlock.KG_CityBlock:PersistentLevel.Brush_Grass_49.BrushComponent0) Component already registered.
[2019.01.23-20.21.52:317][243]LogActorComponent: ~FComponentReregisterContext: (/Game/KG_CityBlock.KG_CityBlock:PersistentLevel.Brush_Street_38.BrushComponent0) Component already registered.
[2019.01.23-20.21.52:375][243]LogActorComponent: ~FComponentReregisterContext: (/Game/KG_CityBlock.KG_CityBlock:PersistentLevel.Brush_SWalk_4.BrushComponent0) Component already registered.
[2019.01.23-20.21.52:379][243]LogActorComponent: ~FComponentReregisterContext: (/Game/KG_CityBlock.KG_CityBlock:PersistentLevel.Brush_Street_140.BrushComponent0) Component already registered.
[2019.01.23-20.21.52:381][243]LogActorComponent: ~FComponentReregisterContext: (/Game/KG_CityBlock.KG_CityBlock:PersistentLevel.Brush_Street_69.BrushComponent0) Component already registered.
[2019.01.23-20.21.52:383][243]LogActorComponent: ~FComponentReregisterContext: (/Game/KG_CityBlock.KG_CityBlock:PersistentLevel.Brush_Street_105.BrushComponent0) Component already registered.
[2019.01.23-20.21.52:389][243]LogActorComponent: ~FComponentReregisterContext: (/Game/KG_CityBlock.KG_CityBlock:PersistentLevel.Brush_House_58.BrushComponent0) Component already registered.
[2019.01.23-20.21.52:389][243]LogActorComponent: ~FComponentReregisterContext: (/Game/KG_CityBlock.KG_CityBlock:PersistentLevel.Brush_House_92.BrushComponent0) Component already registered.
[2019.01.23-20.21.52:393][243]LogActorComponent: ~FComponentReregisterContext: (/Game/KG_CityBlock.KG_CityBlock:PersistentLevel.BoxBrush8.BrushComponent0) Component already registered.
[2019.01.23-20.21.52:394][243]LogActorComponent: ~FComponentReregisterContext: (/Game/KG_CityBlock.KG_CityBlock:PersistentLevel.BoxBrush43.BrushComponent0) Component already registered.
[2019.01.23-20.21.52:395][243]LogActorComponent: ~FComponentReregisterContext: (/Game/KG_CityBlock.KG_CityBlock:PersistentLevel.Brush_House_162.BrushComponent0) Component already registered.
[2019.01.23-20.21.52:397][243]LogActorComponent: ~FComponentReregisterContext: (/Game/KG_CityBlock.KG_CityBlock:PersistentLevel.Brush_House_168.BrushComponent0) Component already registered.
[2019.01.23-20.21.52:401][243]LogActorComponent: ~FComponentReregisterContext: (/Game/KG_CityBlock.KG_CityBlock:PersistentLevel.Brush_Grass_168.BrushComponent0) Component already registered.
[2019.01.23-20.21.52:401][243]LogActorComponent: ~FComponentReregisterContext: (/Game/KG_CityBlock.KG_CityBlock:PersistentLevel.Brush_Grass_203.BrushComponent0) Component already registered.
[2019.01.23-20.21.52:404][243]LogActorComponent: ~FComponentReregisterContext: (/Game/KG_CityBlock.KG_CityBlock:PersistentLevel.Brush_Grass_132.BrushComponent0) Component already registered.
[2019.01.23-20.21.52:406][243]LogActorComponent: ~FComponentReregisterContext: (/Game/KG_CityBlock.KG_CityBlock:PersistentLevel.Brush_Grass_138.BrushComponent0) Component already registered.
[2019.01.23-20.21.52:409][243]LogActorComponent: ~FComponentReregisterContext: (/Game/KG_CityBlock.KG_CityBlock:PersistentLevel.Brush_Grass_209.BrushComponent0) Component already registered.
[2019.01.23-20.21.52:410][243]LogActorComponent: ~FComponentReregisterContext: (/Game/KG_CityBlock.KG_CityBlock:PersistentLevel.Brush_House_67.BrushComponent0) Component already registered.
[2019.01.23-20.21.52:412][243]LogActorComponent: ~FComponentReregisterContext: (/Game/KG_CityBlock.KG_CityBlock:PersistentLevel.Brush_House_82.BrushComponent0) Component already registered.
[2019.01.23-20.21.58:326][528]Cmd: TRANSACTION UNDO
[2019.01.23-20.21.58:326][528]LogEditorTransaction: Undo Move Actors
[2019.01.23-20.21.58:669][528]LogActorComponent: ~FComponentReregisterContext: (/Game/KG_CityBlock.KG_CityBlock:PersistentLevel.Brush_SWalk_50.BrushComponent0) Component already registered.
[2019.01.23-20.21.58:670][528]LogActorComponent: ~FComponentReregisterContext: (/Game/KG_CityBlock.KG_CityBlock:PersistentLevel.Brush_Grass_14.BrushComponent0) Component already registered.
[2019.01.23-20.21.58:671][528]LogActorComponent: ~FComponentReregisterContext: (/Game/KG_CityBlock.KG_CityBlock:PersistentLevel.Brush_Street_176.BrushComponent0) Component already registered.
[2019.01.23-20.21.58:675][528]LogActorComponent: ~FComponentReregisterContext: (/Game/KG_CityBlock.KG_CityBlock:PersistentLevel.Brush_Grass_85.BrushComponent0) Component already registered.
[2019.01.23-20.21.58:680][528]LogActorComponent: ~FComponentReregisterContext: (/Game/KG_CityBlock.KG_CityBlock:PersistentLevel.Brush_Grass_49.BrushComponent0) Component already registered.
[2019.01.23-20.21.58:681][528]LogActorComponent: ~FComponentReregisterContext: (/Game/KG_CityBlock.KG_CityBlock:PersistentLevel.Brush_Street_38.BrushComponent0) Component already registered.
[2019.01.23-20.21.58:701][528]LogActorComponent: ~FComponentReregisterContext: (/Game/KG_CityBlock.KG_CityBlock:PersistentLevel.Brush_SWalk_4.BrushComponent0) Component already registered.
[2019.01.23-20.21.58:705][528]LogActorComponent: ~FComponentReregisterContext: (/Game/KG_CityBlock.KG_CityBlock:PersistentLevel.Brush_Street_140.BrushComponent0) Component already registered.
[2019.01.23-20.21.58:707][528]LogActorComponent: ~FComponentReregisterContext: (/Game/KG_CityBlock.KG_CityBlock:PersistentLevel.Brush_Street_69.BrushComponent0) Component already registered.
[2019.01.23-20.21.58:708][528]LogActorComponent: ~FComponentReregisterContext: (/Game/KG_CityBlock.KG_CityBlock:PersistentLevel.Brush_Street_105.BrushComponent0) Component already registered.
[2019.01.23-20.21.58:714][528]LogActorComponent: ~FComponentReregisterContext: (/Game/KG_CityBlock.KG_CityBlock:PersistentLevel.Brush_House_58.BrushComponent0) Component already registered.
[2019.01.23-20.21.58:715][528]LogActorComponent: ~FComponentReregisterContext: (/Game/KG_CityBlock.KG_CityBlock:PersistentLevel.Brush_House_92.BrushComponent0) Component already registered.
[2019.01.23-20.21.58:718][528]LogActorComponent: ~FComponentReregisterContext: (/Game/KG_CityBlock.KG_CityBlock:PersistentLevel.BoxBrush8.BrushComponent0) Component already registered.
[2019.01.23-20.21.58:718][528]LogActorComponent: ~FComponentReregisterContext: (/Game/KG_CityBlock.KG_CityBlock:PersistentLevel.BoxBrush43.BrushComponent0) Component already registered.
[2019.01.23-20.21.58:720][528]LogActorComponent: ~FComponentReregisterContext: (/Game/KG_CityBlock.KG_CityBlock:PersistentLevel.Brush_House_162.BrushComponent0) Component already registered.
[2019.01.23-20.21.58:721][528]LogActorComponent: ~FComponentReregisterContext: (/Game/KG_CityBlock.KG_CityBlock:PersistentLevel.Brush_House_168.BrushComponent0) Component already registered.
[2019.01.23-20.21.58:726][528]LogActorComponent: ~FComponentReregisterContext: (/Game/KG_CityBlock.KG_CityBlock:PersistentLevel.Brush_Grass_168.BrushComponent0) Component already registered.
[2019.01.23-20.21.58:727][528]LogActorComponent: ~FComponentReregisterContext: (/Game/KG_CityBlock.KG_CityBlock:PersistentLevel.Brush_Grass_203.BrushComponent0) Component already registered.
[2019.01.23-20.21.58:730][528]LogActorComponent: ~FComponentReregisterContext: (/Game/KG_CityBlock.KG_CityBlock:PersistentLevel.Brush_Grass_132.BrushComponent0) Component already registered.
[2019.01.23-20.21.58:731][528]LogActorComponent: ~FComponentReregisterContext: (/Game/KG_CityBlock.KG_CityBlock:PersistentLevel.Brush_Grass_138.BrushComponent0) Component already registered.
[2019.01.23-20.21.58:733][528]LogActorComponent: ~FComponentReregisterContext: (/Game/KG_CityBlock.KG_CityBlock:PersistentLevel.Brush_Grass_209.BrushComponent0) Component already registered.
[2019.01.23-20.21.58:733][528]LogActorComponent: ~FComponentReregisterContext: (/Game/KG_CityBlock.KG_CityBlock:PersistentLevel.Brush_House_67.BrushComponent0) Component already registered.
[2019.01.23-20.21.58:735][528]LogActorComponent: ~FComponentReregisterContext: (/Game/KG_CityBlock.KG_CityBlock:PersistentLevel.Brush_House_82.BrushComponent0) Component already registered.
[2019.01.23-20.23.11:084][107]LogSavePackage: Moving '../../../../../../Users/Tinkl/OneDrive/Documents/GitHub/KG_assetpipeline/KG_ICWB001_AP/Saved/KG_CityBlock_Auto247E707EB4A57EBD45F42A0BB6BCC32AA.tmp' to '../../../../../../Users/Tinkl/OneDrive/Documents/GitHub/KG_assetpipeline/KG_ICWB001_AP/Saved/Autosaves/Game/KG_CityBlock_Auto2.umap'
[2019.01.23-20.23.11:091][107]LogFileHelpers: Editor autosave (incl. sublevels) for '/Game/KG_CityBlock' took 2.144
[2019.01.23-20.23.11:091][107]LogFileHelpers: Editor autosave (incl. sublevels) for all levels took 2.144
[2019.01.23-20.24.41:882][626]LogSlate: FSceneViewport::OnFocusLost() reason 0
[2019.01.23-20.24.59:341][649]LogSlate: FSceneViewport::OnFocusLost() reason 0
[2019.01.23-20.32.05:240][790]LogSlate: FSceneViewport::OnFocusLost() reason 2
[2019.01.23-20.32.11:064][136]LogSlate: FSceneViewport::OnFocusLost() reason 2
[2019.01.23-20.32.11:080][136]LogSlate: Updating window title bar state: overlay mode, drag disabled, window buttons hidden, title bar hidden
[2019.01.23-20.32.11:090][136]LogSlate: Updating window title bar state: overlay mode, drag disabled, window buttons hidden, title bar hidden
[2019.01.23-20.32.11:098][136]LogSlate: Updating window title bar state: overlay mode, drag disabled, window buttons hidden, title bar hidden
[2019.01.23-20.32.11:107][136]LogSlate: Updating window title bar state: overlay mode, drag disabled, window buttons hidden, title bar hidden
[2019.01.23-20.32.11:166][137]LogRenderer: Reallocating scene render targets to support 996x564 Format 10 NumSamples 1 (Frame:14699).
[2019.01.23-20.32.13:510][258]LogSlate: Window 'Viewport 2' being destroyed
[2019.01.23-20.32.13:518][258]LogSlate: Window 'Viewport 2' being destroyed
[2019.01.23-20.32.17:669][492]Cmd: TRANSACTION UNDO
[2019.01.23-20.32.17:669][492]LogEditorTransaction: Undo Move Actors
[2019.01.23-20.32.17:960][492]LogActorComponent: ~FComponentReregisterContext: (/Game/KG_CityBlock.KG_CityBlock:PersistentLevel.Brush_SWalk_49.BrushComponent0) Component already registered.
[2019.01.23-20.32.17:961][492]LogActorComponent: ~FComponentReregisterContext: (/Game/KG_CityBlock.KG_CityBlock:PersistentLevel.Brush_Grass_12.BrushComponent0) Component already registered.
[2019.01.23-20.32.17:963][492]LogActorComponent: ~FComponentReregisterContext: (/Game/KG_CityBlock.KG_CityBlock:PersistentLevel.Brush_Grass_18.BrushComponent0) Component already registered.
[2019.01.23-20.32.17:964][492]LogActorComponent: ~FComponentReregisterContext: (/Game/KG_CityBlock.KG_CityBlock:PersistentLevel.Brush_Street_162.BrushComponent0) Component already registered.
[2019.01.23-20.32.17:965][492]LogActorComponent: ~FComponentReregisterContext: (/Game/KG_CityBlock.KG_CityBlock:PersistentLevel.Brush_SWalk_37.BrushComponent0) Component already registered.
[2019.01.23-20.32.17:967][492]LogActorComponent: ~FComponentReregisterContext: (/Game/KG_CityBlock.KG_CityBlock:PersistentLevel.Brush_Grass_72.BrushComponent0) Component already registered.
[2019.01.23-20.32.17:968][492]LogActorComponent: ~FComponentReregisterContext: (/Game/KG_CityBlock.KG_CityBlock:PersistentLevel.Brush_Grass_107.BrushComponent0) Component already registered.
[2019.01.23-20.32.17:971][492]LogActorComponent: ~FComponentReregisterContext: (/Game/KG_CityBlock.KG_CityBlock:PersistentLevel.Brush_Grass_24.BrushComponent0) Component already registered.
[2019.01.23-20.32.17:972][492]LogActorComponent: ~FComponentReregisterContext: (/Game/KG_CityBlock.KG_CityBlock:PersistentLevel.Brush_Grass_60.BrushComponent0) Component already registered.
[2019.01.23-20.32.17:973][492]LogActorComponent: ~FComponentReregisterContext: (/Game/KG_CityBlock.KG_CityBlock:PersistentLevel.Brush_Grass_113.BrushComponent0) Component already registered.
[2019.01.23-20.32.17:975][492]LogActorComponent: ~FComponentReregisterContext: (/Game/KG_CityBlock.KG_CityBlock:PersistentLevel.Brush_Street_24.BrushComponent0) Component already registered.
[2019.01.23-20.32.17:975][492]LogActorComponent: ~FComponentReregisterContext: (/Game/KG_CityBlock.KG_CityBlock:PersistentLevel.Brush_Street_55.BrushComponent0) Component already registered.
[2019.01.23-20.32.17:976][492]LogActorComponent: ~FComponentReregisterContext: (/Game/KG_CityBlock.KG_CityBlock:PersistentLevel.Brush_Street_61.BrushComponent0) Component already registered.
[2019.01.23-20.32.18:000][492]LogActorComponent: ~FComponentReregisterContext: (/Game/KG_CityBlock.KG_CityBlock:PersistentLevel.Brush_SWalk_11.BrushComponent0) Component already registered.
[2019.01.23-20.32.18:003][492]LogActorComponent: ~FComponentReregisterContext: (/Game/KG_CityBlock.KG_CityBlock:PersistentLevel.Brush_Street_169.BrushComponent0) Component already registered.
[2019.01.23-20.32.18:004][492]LogActorComponent: ~FComponentReregisterContext: (/Game/KG_CityBlock.KG_CityBlock:PersistentLevel.Brush_Street_150.BrushComponent0) Component already registered.
[2019.01.23-20.32.18:006][492]LogActorComponent: ~FComponentReregisterContext: (/Game/KG_CityBlock.KG_CityBlock:PersistentLevel.Brush_Street_67.BrushComponent0) Component already registered.
[2019.01.23-20.32.18:008][492]LogActorComponent: ~FComponentReregisterContext: (/Game/KG_CityBlock.KG_CityBlock:PersistentLevel.Brush_Street_103.BrushComponent0) Component already registered.
[2019.01.23-20.32.18:010][492]LogActorComponent: ~FComponentReregisterContext: (/Game/KG_CityBlock.KG_CityBlock:PersistentLevel.Brush_House_217.BrushComponent0) Component already registered.
[2019.01.23-20.32.18:011][492]LogActorComponent: ~FComponentReregisterContext: (/Game/KG_CityBlock.KG_CityBlock:PersistentLevel.Brush_House_138.BrushComponent0) Component already registered.
[2019.01.23-20.32.18:012][492]LogActorComponent: ~FComponentReregisterContext: (/Game/KG_CityBlock.KG_CityBlock:PersistentLevel.Brush_House_144.BrushComponent0) Component already registered.
[2019.01.23-20.32.18:013][492]LogActorComponent: ~FComponentReregisterContext: (/Game/KG_CityBlock.KG_CityBlock:PersistentLevel.Brush_House_57.BrushComponent0) Component already registered.
[2019.01.23-20.32.18:015][492]LogActorComponent: ~FComponentReregisterContext: (/Game/KG_CityBlock.KG_CityBlock:PersistentLevel.Brush_House_92.BrushComponent0) Component already registered.
[2019.01.23-20.32.18:017][492]LogActorComponent: ~FComponentReregisterContext: (/Game/KG_CityBlock.KG_CityBlock:PersistentLevel.BoxBrush8.BrushComponent0) Component already registered.
[2019.01.23-20.32.18:018][492]LogActorComponent: ~FComponentReregisterContext: (/Game/KG_CityBlock.KG_CityBlock:PersistentLevel.BoxBrush43.BrushComponent0) Component already registered.
[2019.01.23-20.32.18:020][492]LogActorComponent: ~FComponentReregisterContext: (/Game/KG_CityBlock.KG_CityBlock:PersistentLevel.Brush_House_150.BrushComponent0) Component already registered.
[2019.01.23-20.32.18:022][492]LogActorComponent: ~FComponentReregisterContext: (/Game/KG_CityBlock.KG_CityBlock:PersistentLevel.Brush_House_186.BrushComponent0) Component already registered.
[2019.01.23-20.32.18:024][492]LogActorComponent: ~FComponentReregisterContext: (/Game/KG_CityBlock.KG_CityBlock:PersistentLevel.Brush_Grass_167.BrushComponent0) Component already registered.
[2019.01.23-20.32.18:025][492]LogActorComponent: ~FComponentReregisterContext: (/Game/KG_CityBlock.KG_CityBlock:PersistentLevel.Brush_Grass_202.BrushComponent0) Component already registered.
[2019.01.23-20.32.18:026][492]LogActorComponent: ~FComponentReregisterContext: (/Game/KG_CityBlock.KG_CityBlock:PersistentLevel.Brush_Grass_208.BrushComponent0) Component already registered.
[2019.01.23-20.32.18:027][492]LogActorComponent: ~FComponentReregisterContext: (/Game/KG_CityBlock.KG_CityBlock:PersistentLevel.Brush_Grass_119.BrushComponent0) Component already registered.
[2019.01.23-20.32.18:029][492]LogActorComponent: ~FComponentReregisterContext: (/Game/KG_CityBlock.KG_CityBlock:PersistentLevel.Brush_Grass_155.BrushComponent0) Component already registered.
[2019.01.23-20.32.18:031][492]LogActorComponent: ~FComponentReregisterContext: (/Game/KG_CityBlock.KG_CityBlock:PersistentLevel.Brush_House_10.BrushComponent0) Component already registered.
[2019.01.23-20.32.18:032][492]LogActorComponent: ~FComponentReregisterContext: (/Game/KG_CityBlock.KG_CityBlock:PersistentLevel.Brush_House_108.BrushComponent0) Component already registered.
[2019.01.23-20.32.18:034][492]LogActorComponent: ~FComponentReregisterContext: (/Game/KG_CityBlock.KG_CityBlock:PersistentLevel.Brush_Grass_214.BrushComponent0) Component already registered.
[2019.01.23-20.32.18:036][492]LogActorComponent: ~FComponentReregisterContext: (/Game/KG_CityBlock.KG_CityBlock:PersistentLevel.Brush_Grass_250.BrushComponent0) Component already registered.
[2019.01.23-20.32.29:392][157]Cmd: CAMERA ALIGN ACTIVEVIEWPORTONLY
[2019.01.23-20.33.12:993][488]LogSavePackage: Moving '../../../../../../Users/Tinkl/OneDrive/Documents/GitHub/KG_assetpipeline/KG_ICWB001_AP/Saved/KG_CityBlock_Auto3B21C3DED4F5C965A2DAC84BBD021CEEF.tmp' to '../../../../../../Users/Tinkl/OneDrive/Documents/GitHub/KG_assetpipeline/KG_ICWB001_AP/Saved/Autosaves/Game/KG_CityBlock_Auto3.umap'
[2019.01.23-20.33.13:000][488]LogFileHelpers: Editor autosave (incl. sublevels) for '/Game/KG_CityBlock' took 1.587
[2019.01.23-20.33.13:000][488]LogFileHelpers: Editor autosave (incl. sublevels) for all levels took 1.587
[2019.01.23-20.33.57:522][751]LogSlate: FSceneViewport::OnFocusLost() reason 2
[2019.01.23-20.34.07:879][360]LogSlate: FSceneViewport::OnFocusLost() reason 2
[2019.01.23-20.34.08:458][394]LogSlate: FSceneViewport::OnFocusLost() reason 2
[2019.01.23-20.34.09:504][456]LogSlate: FSceneViewport::OnFocusLost() reason 2
[2019.01.23-20.34.12:857][655]LogSlate: FSceneViewport::OnFocusLost() reason 2
[2019.01.23-20.34.30:706][704]LogSlate: FSceneViewport::OnFocusLost() reason 2
[2019.01.23-20.34.44:023][501]Cmd: CAMERA ALIGN ACTIVEVIEWPORTONLY
[2019.01.23-20.34.58:634][371]LogEditorViewport: Clicking on Actor (LMB): FbxScene_mann_C (FbxScene_mann)
[2019.01.23-20.35.03:094][633]LogEditorViewport: Clicking on Actor (LMB): Brush (Brush_Trunk_1)
[2019.01.23-20.35.22:111][666]LogSlate: FSceneViewport::OnFocusLost() reason 0
[2019.01.23-20.35.49:122][ 43]LogSlate: FSceneViewport::OnFocusLost() reason 0
[2019.01.23-20.36.00:510][718]LogSlate: FSceneViewport::OnFocusLost() reason 0
[2019.01.23-20.36.12:091][388]LogSlate: FSceneViewport::OnFocusLost() reason 0
[2019.01.23-20.36.44:944][229]LogSlate: FSceneViewport::OnFocusLost() reason 0
[2019.01.23-20.36.59:269][ 30]LogSlate: FSceneViewport::OnFocusLost() reason 2
[2019.01.23-20.37.12:850][797]LogSlate: FSceneViewport::OnFocusLost() reason 0
[2019.01.23-20.37.39:235][219]LogSlate: FSceneViewport::OnFocusLost() reason 0
[2019.01.23-20.37.54:702][720]LogSlate: FSceneViewport::OnFocusLost() reason 2
[2019.01.23-20.38.07:536][424]LogSlate: FSceneViewport::OnFocusLost() reason 0
[2019.01.23-20.38.32:847][715]LogSlate: FSceneViewport::OnFocusLost() reason 0
[2019.01.23-20.38.48:912][662]LogSlate: FSceneViewport::OnFocusLost() reason 2
[2019.01.23-20.39.09:606][758]LogSlate: FSceneViewport::OnFocusLost() reason 2
[2019.01.23-20.39.43:607][598]Cmd: CAMERA ALIGN ACTIVEVIEWPORTONLY
[2019.01.23-20.39.53:242][164]LogSlate: FSceneViewport::OnFocusLost() reason 2
[2019.01.23-20.39.56:179][332]LogSlate: FSceneViewport::OnFocusLost() reason 2
[2019.01.23-20.39.58:020][332]LogSavePackage: Moving '../../../../../../Users/Tinkl/OneDrive/Documents/GitHub/KG_assetpipeline/KG_ICWB001_AP/Saved/KG_CityBlock0B5B031340A31D066EAD2B805FF20118.tmp' to '../../../../../../Users/Tinkl/OneDrive/Documents/GitHub/KG_assetpipeline/KG_ICWB001_AP/Content/KG_CityBlock.umap'
[2019.01.23-20.39.58:100][332]LogFileHelpers: Saving map 'KG_CityBlock' took 1.900
